{"/Users/tomhan/devacademy/Personal-Project/Tom-s-Personal-Project/server/db/db.ts": {"path":"/Users/tomhan/devacademy/Personal-Project/Tom-s-Personal-Project/server/db/db.ts","statementMap":{"0":{"start":{"line":3,"column":0},"end":{"line":3,"column":37}},"1":{"start":{"line":11,"column":22},"end":{"line":11,"column":76}},"2":{"start":{"line":13,"column":20},"end":{"line":13,"column":60}},"3":{"start":{"line":14,"column":18},"end":{"line":14,"column":62}},"4":{"start":{"line":15,"column":2},"end":{"line":15,"column":null}},"5":{"start":{"line":17,"column":25},"end":{"line":17,"column":66}},"6":{"start":{"line":18,"column":25},"end":{"line":20,"column":17}},"7":{"start":{"line":21,"column":23},"end":{"line":23,"column":17}},"8":{"start":{"line":25,"column":2},"end":{"line":28,"column":null}},"9":{"start":{"line":5,"column":0},"end":{"line":5,"column":16}},"10":{"start":{"line":36,"column":2},"end":{"line":43,"column":null}},"11":{"start":{"line":31,"column":0},"end":{"line":31,"column":22}},"12":{"start":{"line":50,"column":2},"end":{"line":50,"column":null}},"13":{"start":{"line":46,"column":0},"end":{"line":46,"column":22}},"14":{"start":{"line":58,"column":2},"end":{"line":61,"column":null}},"15":{"start":{"line":53,"column":0},"end":{"line":53,"column":22}},"16":{"start":{"line":70,"column":22},"end":{"line":70,"column":76}},"17":{"start":{"line":72,"column":20},"end":{"line":72,"column":60}},"18":{"start":{"line":73,"column":18},"end":{"line":73,"column":62}},"19":{"start":{"line":74,"column":2},"end":{"line":74,"column":null}},"20":{"start":{"line":76,"column":25},"end":{"line":76,"column":66}},"21":{"start":{"line":77,"column":25},"end":{"line":79,"column":17}},"22":{"start":{"line":80,"column":23},"end":{"line":82,"column":17}},"23":{"start":{"line":84,"column":2},"end":{"line":88,"column":null}},"24":{"start":{"line":64,"column":0},"end":{"line":64,"column":22}},"25":{"start":{"line":97,"column":2},"end":{"line":102,"column":null}},"26":{"start":{"line":103,"column":2},"end":{"line":103,"column":null}},"27":{"start":{"line":92,"column":0},"end":{"line":92,"column":22}},"28":{"start":{"line":110,"column":2},"end":{"line":110,"column":null}},"29":{"start":{"line":106,"column":0},"end":{"line":106,"column":22}},"30":{"start":{"line":118,"column":2},"end":{"line":126,"column":null}},"31":{"start":{"line":113,"column":0},"end":{"line":113,"column":22}}},"fnMap":{"0":{"name":"getAllBudgets","decl":{"start":{"line":5,"column":16},"end":{"line":5,"column":29}},"loc":{"start":{"line":9,"column":17},"end":{"line":29,"column":1}}},"1":{"name":"addBudgets","decl":{"start":{"line":31,"column":22},"end":{"line":31,"column":32}},"loc":{"start":{"line":34,"column":17},"end":{"line":44,"column":null}}},"2":{"name":"deleteBudget","decl":{"start":{"line":46,"column":22},"end":{"line":46,"column":34}},"loc":{"start":{"line":48,"column":17},"end":{"line":51,"column":null}}},"3":{"name":"updateBudget","decl":{"start":{"line":53,"column":22},"end":{"line":53,"column":34}},"loc":{"start":{"line":56,"column":17},"end":{"line":62,"column":null}}},"4":{"name":"getAllExpenses","decl":{"start":{"line":64,"column":22},"end":{"line":64,"column":36}},"loc":{"start":{"line":68,"column":17},"end":{"line":89,"column":null}}},"5":{"name":"updateExpense","decl":{"start":{"line":92,"column":22},"end":{"line":92,"column":35}},"loc":{"start":{"line":95,"column":17},"end":{"line":104,"column":null}}},"6":{"name":"deleteExpenses","decl":{"start":{"line":106,"column":22},"end":{"line":106,"column":36}},"loc":{"start":{"line":108,"column":17},"end":{"line":111,"column":null}}},"7":{"name":"addExpenses","decl":{"start":{"line":113,"column":22},"end":{"line":113,"column":33}},"loc":{"start":{"line":116,"column":17},"end":{"line":127,"column":null}}}},"branchMap":{"0":{"loc":{"start":{"line":9,"column":2},"end":{"line":9,"column":17}},"type":"default-arg","locations":[{"start":{"line":9,"column":7},"end":{"line":9,"column":17}}]},"1":{"loc":{"start":{"line":34,"column":2},"end":{"line":34,"column":17}},"type":"default-arg","locations":[{"start":{"line":34,"column":7},"end":{"line":34,"column":17}}]},"2":{"loc":{"start":{"line":48,"column":2},"end":{"line":48,"column":17}},"type":"default-arg","locations":[{"start":{"line":48,"column":7},"end":{"line":48,"column":17}}]},"3":{"loc":{"start":{"line":56,"column":2},"end":{"line":56,"column":17}},"type":"default-arg","locations":[{"start":{"line":56,"column":7},"end":{"line":56,"column":17}}]},"4":{"loc":{"start":{"line":68,"column":2},"end":{"line":68,"column":17}},"type":"default-arg","locations":[{"start":{"line":68,"column":7},"end":{"line":68,"column":17}}]},"5":{"loc":{"start":{"line":95,"column":2},"end":{"line":95,"column":17}},"type":"default-arg","locations":[{"start":{"line":95,"column":7},"end":{"line":95,"column":17}}]},"6":{"loc":{"start":{"line":108,"column":2},"end":{"line":108,"column":17}},"type":"default-arg","locations":[{"start":{"line":108,"column":7},"end":{"line":108,"column":17}}]},"7":{"loc":{"start":{"line":116,"column":2},"end":{"line":116,"column":17}},"type":"default-arg","locations":[{"start":{"line":116,"column":7},"end":{"line":116,"column":17}}]}},"s":{"0":1,"1":1,"2":1,"3":1,"4":1,"5":1,"6":1,"7":1,"8":1,"9":1,"10":1,"11":1,"12":1,"13":1,"14":1,"15":1,"16":1,"17":1,"18":1,"19":1,"20":1,"21":1,"22":1,"23":1,"24":1,"25":1,"26":1,"27":1,"28":1,"29":1,"30":1,"31":1},"f":{"0":1,"1":1,"2":1,"3":1,"4":1,"5":1,"6":1,"7":1},"b":{"0":[0],"1":[0],"2":[0],"3":[0],"4":[0],"5":[0],"6":[0],"7":[0]}}
,"/Users/tomhan/devacademy/Personal-Project/Tom-s-Personal-Project/server/db/knexfile.js": {"path":"/Users/tomhan/devacademy/Personal-Project/Tom-s-Personal-Project/server/db/knexfile.js","statementMap":{"0":{"start":{"line":1,"column":17},"end":{"line":1,"column":37}},"1":{"start":{"line":3,"column":0},"end":{"line":43,"column":1}},"2":{"start":{"line":11,"column":33},"end":{"line":11,"column":73}},"3":{"start":{"line":28,"column":33},"end":{"line":28,"column":73}}},"fnMap":{"0":{"name":"(anonymous_0)","decl":{"start":{"line":11,"column":19},"end":{"line":11,"column":20}},"loc":{"start":{"line":11,"column":33},"end":{"line":11,"column":73}},"line":11},"1":{"name":"(anonymous_1)","decl":{"start":{"line":28,"column":19},"end":{"line":28,"column":20}},"loc":{"start":{"line":28,"column":33},"end":{"line":28,"column":73}},"line":28}},"branchMap":{},"s":{"0":2,"1":2,"2":1,"3":1},"f":{"0":1,"1":1},"b":{},"inputSourceMap":null,"_coverageSchema":"1a1c01bbd47fc00a2c39e90264f33305004495a9","hash":"e28899baceea290bd5044bbefb0ed0d37a7adfeb"}
,"/Users/tomhan/devacademy/Personal-Project/Tom-s-Personal-Project/server/db/seeds/seed.js": {"path":"/Users/tomhan/devacademy/Personal-Project/Tom-s-Personal-Project/server/db/seeds/seed.js","statementMap":{"0":{"start":{"line":5,"column":0},"end":{"line":127,"column":1}},"1":{"start":{"line":7,"column":2},"end":{"line":7,"column":29}},"2":{"start":{"line":8,"column":2},"end":{"line":51,"column":4}},"3":{"start":{"line":52,"column":2},"end":{"line":52,"column":30}},"4":{"start":{"line":53,"column":2},"end":{"line":126,"column":4}}},"fnMap":{"0":{"name":"(anonymous_0)","decl":{"start":{"line":5,"column":15},"end":{"line":5,"column":16}},"loc":{"start":{"line":5,"column":37},"end":{"line":127,"column":1}},"line":5}},"branchMap":{},"s":{"0":1,"1":8,"2":8,"3":8,"4":8},"f":{"0":8},"b":{},"inputSourceMap":null,"_coverageSchema":"1a1c01bbd47fc00a2c39e90264f33305004495a9","hash":"1993df257dcf126b756767ab0c1f8b642026e916"}
}
