TN:
SF:server/auth0.ts
FNF:0
FNH:0
DA:1,1
DA:5,1
DA:8,1
DA:9,1
DA:11,1
DA:23,1
LF:6
LH:6
BRF:0
BRH:0
end_of_record
TN:
SF:server/server.ts
FN:16,(anonymous_1)
FNF:1
FNH:0
FNDA:0,(anonymous_1)
DA:1,1
DA:2,1
DA:3,1
DA:4,1
DA:7,1
DA:9,1
DA:10,1
DA:11,1
DA:12,1
DA:16,1
DA:17,0
DA:20,1
LF:12
LH:11
BRF:0
BRH:0
end_of_record
TN:
SF:server/db/connection.ts
FNF:0
FNH:0
DA:1,2
DA:2,2
DA:6,2
DA:7,2
DA:8,2
DA:10,2
LF:6
LH:6
BRDA:6,0,0,2
BRDA:6,0,1,0
BRF:2
BRH:1
end_of_record
TN:
SF:server/db/db.ts
FN:5,getAllBudgets
FN:31,addBudgets
FN:46,deleteBudget
FN:53,updateBudget
FN:64,getAllExpenses
FN:92,updateExpense
FN:106,deleteExpenses
FN:113,addExpenses
FNF:8
FNH:8
FNDA:1,getAllBudgets
FNDA:1,addBudgets
FNDA:1,deleteBudget
FNDA:1,updateBudget
FNDA:1,getAllExpenses
FNDA:1,updateExpense
FNDA:1,deleteExpenses
FNDA:1,addExpenses
DA:3,2
DA:5,2
DA:11,1
DA:13,1
DA:14,1
DA:15,1
DA:17,1
DA:18,1
DA:21,1
DA:25,1
DA:31,2
DA:36,1
DA:46,2
DA:50,1
DA:53,2
DA:58,1
DA:64,2
DA:70,1
DA:72,1
DA:73,1
DA:74,1
DA:76,1
DA:77,1
DA:80,1
DA:84,1
DA:92,2
DA:97,1
DA:103,1
DA:106,2
DA:110,1
DA:113,2
DA:118,1
LF:32
LH:32
BRDA:9,0,0,0
BRDA:34,1,0,0
BRDA:48,2,0,0
BRDA:56,3,0,0
BRDA:68,4,0,0
BRDA:95,5,0,0
BRDA:108,6,0,0
BRDA:116,7,0,0
BRF:8
BRH:0
end_of_record
TN:
SF:server/db/knexfile.js
FN:11,(anonymous_0)
FN:28,(anonymous_1)
FNF:2
FNH:2
FNDA:1,(anonymous_0)
FNDA:1,(anonymous_1)
DA:1,3
DA:3,3
DA:11,1
DA:28,1
LF:4
LH:4
BRF:0
BRH:0
end_of_record
TN:
SF:server/db/migrations/20230328061335_budgets.js
FN:5,(anonymous_0)
FN:6,(anonymous_1)
FN:19,(anonymous_2)
FNF:3
FNH:2
FNDA:1,(anonymous_0)
FNDA:1,(anonymous_1)
FNDA:0,(anonymous_2)
DA:5,1
DA:6,1
DA:7,1
DA:8,1
DA:9,1
DA:10,1
DA:11,1
DA:19,1
DA:20,0
LF:9
LH:8
BRF:0
BRH:0
end_of_record
TN:
SF:server/db/migrations/20230328061341_expenses.js
FN:5,(anonymous_0)
FN:6,(anonymous_1)
FN:25,(anonymous_2)
FNF:3
FNH:2
FNDA:1,(anonymous_0)
FNDA:1,(anonymous_1)
FNDA:0,(anonymous_2)
DA:5,1
DA:6,1
DA:7,1
DA:8,1
DA:9,1
DA:10,1
DA:16,1
DA:17,1
DA:25,1
DA:26,0
LF:10
LH:9
BRF:0
BRH:0
end_of_record
TN:
SF:server/db/seeds/seed.js
FN:5,(anonymous_0)
FNF:1
FNH:1
FNDA:8,(anonymous_0)
DA:5,1
DA:7,8
DA:8,8
DA:52,8
DA:53,8
LF:5
LH:5
BRF:0
BRH:0
end_of_record
TN:
SF:server/routes/budgets.ts
FN:8,(anonymous_8)
FN:8,(anonymous_9)
FN:28,(anonymous_10)
FN:28,(anonymous_11)
FN:48,(anonymous_12)
FN:48,(anonymous_13)
FN:68,(anonymous_14)
FN:68,(anonymous_15)
FNF:8
FNH:2
FNDA:3,(anonymous_8)
FNDA:3,(anonymous_9)
FNDA:0,(anonymous_10)
FNDA:0,(anonymous_11)
FNDA:0,(anonymous_12)
FNDA:0,(anonymous_13)
FNDA:0,(anonymous_14)
FNDA:0,(anonymous_15)
DA:1,1
DA:2,1
DA:3,1
DA:5,1
DA:8,3
DA:9,3
DA:10,3
DA:12,3
DA:13,3
DA:14,1
DA:15,1
DA:17,2
DA:18,1
DA:20,1
DA:21,1
DA:28,1
DA:29,0
DA:30,0
DA:31,0
DA:32,0
DA:33,0
DA:34,0
DA:36,0
DA:37,0
DA:39,0
DA:40,0
DA:48,1
DA:49,0
DA:50,0
DA:51,0
DA:52,0
DA:53,0
DA:55,0
DA:56,0
DA:57,0
DA:58,0
DA:60,0
DA:61,0
DA:68,1
DA:69,0
DA:70,0
DA:71,0
DA:72,0
DA:74,0
DA:75,0
DA:81,1
LF:46
LH:19
BRDA:10,0,0,0
BRDA:10,0,1,3
BRDA:10,1,0,3
BRDA:10,1,1,3
BRDA:13,2,0,1
BRDA:13,3,0,3
BRDA:13,3,1,2
BRDA:13,3,2,2
BRDA:31,4,0,0
BRDA:31,4,1,0
BRDA:31,5,0,0
BRDA:31,5,1,0
BRDA:32,6,0,0
BRDA:50,7,0,0
BRDA:50,7,1,0
BRDA:50,8,0,0
BRDA:50,8,1,0
BRDA:51,9,0,0
BRF:18
BRH:7
end_of_record
TN:
SF:server/routes/expenses.ts
FN:15,(anonymous_8)
FN:15,(anonymous_9)
FN:29,(anonymous_10)
FN:44,(anonymous_11)
FN:44,(anonymous_12)
FN:64,(anonymous_13)
FN:64,(anonymous_14)
FN:84,(anonymous_15)
FN:84,(anonymous_16)
FNF:9
FNH:0
FNDA:0,(anonymous_8)
FNDA:0,(anonymous_9)
FNDA:0,(anonymous_10)
FNDA:0,(anonymous_11)
FNDA:0,(anonymous_12)
FNDA:0,(anonymous_13)
FNDA:0,(anonymous_14)
FNDA:0,(anonymous_15)
FNDA:0,(anonymous_16)
DA:1,1
DA:2,1
DA:3,1
DA:10,1
DA:12,1
DA:15,1
DA:16,0
DA:17,0
DA:18,0
DA:19,0
DA:20,0
DA:21,0
DA:24,0
DA:29,0
DA:30,0
DA:34,0
DA:36,0
DA:37,0
DA:44,1
DA:45,0
DA:46,0
DA:47,0
DA:48,0
DA:49,0
DA:51,0
DA:52,0
DA:53,0
DA:55,0
DA:56,0
DA:64,1
DA:65,0
DA:66,0
DA:67,0
DA:68,0
DA:69,0
DA:71,0
DA:72,0
DA:73,0
DA:74,0
DA:76,0
DA:77,0
DA:84,1
DA:85,0
DA:86,0
DA:87,0
DA:88,0
DA:90,0
DA:91,0
LF:48
LH:9
BRDA:18,0,0,0
BRDA:18,0,1,0
BRDA:18,1,0,0
BRDA:18,1,1,0
BRDA:19,2,0,0
BRDA:19,3,0,0
BRDA:19,3,1,0
BRDA:19,3,2,0
BRDA:30,4,0,0
BRDA:30,4,1,0
BRDA:46,5,0,0
BRDA:46,5,1,0
BRDA:46,6,0,0
BRDA:46,6,1,0
BRDA:47,7,0,0
BRDA:66,8,0,0
BRDA:66,8,1,0
BRDA:66,9,0,0
BRDA:66,9,1,0
BRDA:67,10,0,0
BRF:20
BRH:0
end_of_record
