TN:
SF:server/db/connection.ts
FNF:0
FNH:0
DA:1,1
DA:2,1
DA:6,1
DA:7,1
DA:8,1
DA:10,1
LF:6
LH:6
BRDA:6,0,0,1
BRDA:6,0,1,0
BRF:2
BRH:1
end_of_record
TN:
SF:server/db/db.ts
FN:6,getAllBudgets
FN:32,addBudgets
FN:47,deleteBudget
FN:54,updateBudget
FN:65,getAllExpenses
FN:92,updateExpense
FN:106,deleteExpenses
FN:113,addExpenses
FNF:8
FNH:8
FNDA:1,getAllBudgets
FNDA:1,addBudgets
FNDA:1,deleteBudget
FNDA:1,updateBudget
FNDA:1,getAllExpenses
FNDA:1,updateExpense
FNDA:1,deleteExpenses
FNDA:1,addExpenses
DA:4,1
DA:6,1
DA:12,1
DA:14,1
DA:15,1
DA:16,1
DA:18,1
DA:19,1
DA:22,1
DA:26,1
DA:32,1
DA:37,1
DA:47,1
DA:51,1
DA:54,1
DA:59,1
DA:65,1
DA:71,1
DA:73,1
DA:74,1
DA:75,1
DA:77,1
DA:78,1
DA:81,1
DA:85,1
DA:92,1
DA:97,1
DA:103,1
DA:106,1
DA:110,1
DA:113,1
DA:118,1
LF:32
LH:32
BRDA:10,0,0,0
BRDA:35,1,0,0
BRDA:49,2,0,0
BRDA:57,3,0,0
BRDA:69,4,0,0
BRDA:95,5,0,0
BRDA:108,6,0,0
BRDA:116,7,0,0
BRF:8
BRH:0
end_of_record
TN:
SF:server/db/knexfile.js
FN:11,(anonymous_0)
FN:28,(anonymous_1)
FNF:2
FNH:2
FNDA:1,(anonymous_0)
FNDA:1,(anonymous_1)
DA:1,2
DA:3,2
DA:11,1
DA:28,1
LF:4
LH:4
BRF:0
BRH:0
end_of_record
TN:
SF:server/db/migrations/20230328061335_budgets.js
FN:5,(anonymous_0)
FN:6,(anonymous_1)
FN:19,(anonymous_2)
FNF:3
FNH:2
FNDA:1,(anonymous_0)
FNDA:1,(anonymous_1)
FNDA:0,(anonymous_2)
DA:5,1
DA:6,1
DA:7,1
DA:8,1
DA:9,1
DA:10,1
DA:11,1
DA:19,1
DA:20,0
LF:9
LH:8
BRF:0
BRH:0
end_of_record
TN:
SF:server/db/migrations/20230328061341_expenses.js
FN:5,(anonymous_0)
FN:6,(anonymous_1)
FN:25,(anonymous_2)
FNF:3
FNH:2
FNDA:1,(anonymous_0)
FNDA:1,(anonymous_1)
FNDA:0,(anonymous_2)
DA:5,1
DA:6,1
DA:7,1
DA:8,1
DA:9,1
DA:10,1
DA:16,1
DA:17,1
DA:25,1
DA:26,0
LF:10
LH:9
BRF:0
BRH:0
end_of_record
TN:
SF:server/db/seeds/seed.js
FN:5,(anonymous_0)
FNF:1
FNH:1
FNDA:8,(anonymous_0)
DA:5,1
DA:7,8
DA:8,8
DA:52,8
DA:53,8
LF:5
LH:5
BRF:0
BRH:0
end_of_record
